<?xml version="1.0" encoding="UTF-8"?>
<testsuite xmlns:xsi="http://www.w3.org/2001/XMLSchema-instance" xsi:noNamespaceSchemaLocation="https://maven.apache.org/surefire/maven-surefire-plugin/xsd/surefire-test-report-3.0.xsd" version="3.0" name="com.alquama00s.snowflakeId.SnowFlakeTest" time="0.095" tests="74" errors="0" skipped="0" failures="0">
  <properties>
[...]
</properties>
  <testcase name="testNonDuplicate(SnowFlake)[1]" classname="com.alquama00s.snowflakeId.SnowFlakeTest" time="0.001"/>
  <testcase name="testNonDuplicate(SnowFlake)[2]" classname="com.alquama00s.snowflakeId.SnowFlakeTest" time="0.0"/>
  <testcase name="testNonDuplicate(SnowFlake)[3]" classname="com.alquama00s.snowflakeId.SnowFlakeTest" time="0.0"/>
  <testcase name="testNonDuplicate(SnowFlake)[4]" classname="com.alquama00s.snowflakeId.SnowFlakeTest" time="0.0"/>
  <testcase name="testNonDuplicate(SnowFlake)[5]" classname="com.alquama00s.snowflakeId.SnowFlakeTest" time="0.0"/>
  <testcase name="testNonDuplicate(SnowFlake)[6]" classname="com.alquama00s.snowflakeId.SnowFlakeTest" time="0.001"/>
  <testcase name="testNonDuplicate(SnowFlake)[7]" classname="com.alquama00s.snowflakeId.SnowFlakeTest" time="0.001"/>
  <testcase name="testNonDuplicate(SnowFlake)[8]" classname="com.alquama00s.snowflakeId.SnowFlakeTest" time="0.001"/>
  <testcase name="testNonDuplicate(SnowFlake)[9]" classname="com.alquama00s.snowflakeId.SnowFlakeTest" time="0.001"/>
  <testcase name="testNonDuplicate(SnowFlake)[10]" classname="com.alquama00s.snowflakeId.SnowFlakeTest" time="0.001"/>
  <testcase name="testNonDuplicate(SnowFlake)[11]" classname="com.alquama00s.snowflakeId.SnowFlakeTest" time="0.001"/>
  <testcase name="testNonDuplicate(SnowFlake)[12]" classname="com.alquama00s.snowflakeId.SnowFlakeTest" time="0.001"/>
  <testcase name="testNonDuplicate(SnowFlake)[13]" classname="com.alquama00s.snowflakeId.SnowFlakeTest" time="0.001"/>
  <testcase name="testNonDuplicate(SnowFlake)[14]" classname="com.alquama00s.snowflakeId.SnowFlakeTest" time="0.0"/>
  <testcase name="testNonDuplicate(SnowFlake)[15]" classname="com.alquama00s.snowflakeId.SnowFlakeTest" time="0.001"/>
  <testcase name="testNonDuplicate(SnowFlake)[16]" classname="com.alquama00s.snowflakeId.SnowFlakeTest" time="0.001"/>
  <testcase name="testNonDuplicate(SnowFlake)[17]" classname="com.alquama00s.snowflakeId.SnowFlakeTest" time="0.001"/>
  <testcase name="testNonDuplicate(SnowFlake)[18]" classname="com.alquama00s.snowflakeId.SnowFlakeTest" time="0.001"/>
  <testcase name="testNonDuplicate(SnowFlake)[19]" classname="com.alquama00s.snowflakeId.SnowFlakeTest" time="0.001"/>
  <testcase name="testNonDuplicate(SnowFlake)[20]" classname="com.alquama00s.snowflakeId.SnowFlakeTest" time="0.001"/>
  <testcase name="testNonDuplicate(SnowFlake)[21]" classname="com.alquama00s.snowflakeId.SnowFlakeTest" time="0.001"/>
  <testcase name="testNonDuplicate(SnowFlake)[22]" classname="com.alquama00s.snowflakeId.SnowFlakeTest" time="0.001"/>
  <testcase name="testNonDuplicate(SnowFlake)[23]" classname="com.alquama00s.snowflakeId.SnowFlakeTest" time="0.001"/>
  <testcase name="testNonDuplicate(SnowFlake)[24]" classname="com.alquama00s.snowflakeId.SnowFlakeTest" time="0.001"/>
  <testcase name="testNonDuplicate(SnowFlake)[25]" classname="com.alquama00s.snowflakeId.SnowFlakeTest" time="0.001"/>
  <testcase name="testNonDuplicate(SnowFlake)[26]" classname="com.alquama00s.snowflakeId.SnowFlakeTest" time="0.001"/>
  <testcase name="testNonDuplicate(SnowFlake)[27]" classname="com.alquama00s.snowflakeId.SnowFlakeTest" time="0.001"/>
  <testcase name="testNonDuplicate(SnowFlake)[28]" classname="com.alquama00s.snowflakeId.SnowFlakeTest" time="0.0"/>
  <testcase name="testNonDuplicate(SnowFlake)[29]" classname="com.alquama00s.snowflakeId.SnowFlakeTest" time="0.0"/>
  <testcase name="testNonDuplicate(SnowFlake)[30]" classname="com.alquama00s.snowflakeId.SnowFlakeTest" time="0.0"/>
  <testcase name="testNonDuplicate(SnowFlake)[31]" classname="com.alquama00s.snowflakeId.SnowFlakeTest" time="0.002"/>
  <testcase name="testNonDuplicate(SnowFlake)[32]" classname="com.alquama00s.snowflakeId.SnowFlakeTest" time="0.001"/>
  <testcase name="testNonDuplicate(SnowFlake)[33]" classname="com.alquama00s.snowflakeId.SnowFlakeTest" time="0.001"/>
  <testcase name="testNonDuplicate(SnowFlake)[34]" classname="com.alquama00s.snowflakeId.SnowFlakeTest" time="0.001"/>
  <testcase name="testNonDuplicate(SnowFlake)[35]" classname="com.alquama00s.snowflakeId.SnowFlakeTest" time="0.001"/>
  <testcase name="testNonDuplicate(SnowFlake)[36]" classname="com.alquama00s.snowflakeId.SnowFlakeTest" time="0.001"/>
  <testcase name="testIdNotNull(SnowFlake)[1]" classname="com.alquama00s.snowflakeId.SnowFlakeTest" time="0.001"/>
  <testcase name="testIdNotNull(SnowFlake)[2]" classname="com.alquama00s.snowflakeId.SnowFlakeTest" time="0.0"/>
  <testcase name="testIdNotNull(SnowFlake)[3]" classname="com.alquama00s.snowflakeId.SnowFlakeTest" time="0.0"/>
  <testcase name="testIdNotNull(SnowFlake)[4]" classname="com.alquama00s.snowflakeId.SnowFlakeTest" time="0.0"/>
  <testcase name="testIdNotNull(SnowFlake)[5]" classname="com.alquama00s.snowflakeId.SnowFlakeTest" time="0.0"/>
  <testcase name="testIdNotNull(SnowFlake)[6]" classname="com.alquama00s.snowflakeId.SnowFlakeTest" time="0.001"/>
  <testcase name="testIdNotNull(SnowFlake)[7]" classname="com.alquama00s.snowflakeId.SnowFlakeTest" time="0.001"/>
  <testcase name="testIdNotNull(SnowFlake)[8]" classname="com.alquama00s.snowflakeId.SnowFlakeTest" time="0.001"/>
  <testcase name="testIdNotNull(SnowFlake)[9]" classname="com.alquama00s.snowflakeId.SnowFlakeTest" time="0.001"/>
  <testcase name="testIdNotNull(SnowFlake)[10]" classname="com.alquama00s.snowflakeId.SnowFlakeTest" time="0.001"/>
  <testcase name="testIdNotNull(SnowFlake)[11]" classname="com.alquama00s.snowflakeId.SnowFlakeTest" time="0.001"/>
  <testcase name="testIdNotNull(SnowFlake)[12]" classname="com.alquama00s.snowflakeId.SnowFlakeTest" time="0.0"/>
  <testcase name="testIdNotNull(SnowFlake)[13]" classname="com.alquama00s.snowflakeId.SnowFlakeTest" time="0.0"/>
  <testcase name="testIdNotNull(SnowFlake)[14]" classname="com.alquama00s.snowflakeId.SnowFlakeTest" time="0.0"/>
  <testcase name="testIdNotNull(SnowFlake)[15]" classname="com.alquama00s.snowflakeId.SnowFlakeTest" time="0.0"/>
  <testcase name="testIdNotNull(SnowFlake)[16]" classname="com.alquama00s.snowflakeId.SnowFlakeTest" time="0.0"/>
  <testcase name="testIdNotNull(SnowFlake)[17]" classname="com.alquama00s.snowflakeId.SnowFlakeTest" time="0.0"/>
  <testcase name="testIdNotNull(SnowFlake)[18]" classname="com.alquama00s.snowflakeId.SnowFlakeTest" time="0.001"/>
  <testcase name="testIdNotNull(SnowFlake)[19]" classname="com.alquama00s.snowflakeId.SnowFlakeTest" time="0.001"/>
  <testcase name="testIdNotNull(SnowFlake)[20]" classname="com.alquama00s.snowflakeId.SnowFlakeTest" time="0.001"/>
  <testcase name="testIdNotNull(SnowFlake)[21]" classname="com.alquama00s.snowflakeId.SnowFlakeTest" time="0.001"/>
  <testcase name="testIdNotNull(SnowFlake)[22]" classname="com.alquama00s.snowflakeId.SnowFlakeTest" time="0.001"/>
  <testcase name="testIdNotNull(SnowFlake)[23]" classname="com.alquama00s.snowflakeId.SnowFlakeTest" time="0.0"/>
  <testcase name="testIdNotNull(SnowFlake)[24]" classname="com.alquama00s.snowflakeId.SnowFlakeTest" time="0.0"/>
  <testcase name="testIdNotNull(SnowFlake)[25]" classname="com.alquama00s.snowflakeId.SnowFlakeTest" time="0.0"/>
  <testcase name="testIdNotNull(SnowFlake)[26]" classname="com.alquama00s.snowflakeId.SnowFlakeTest" time="0.001"/>
  <testcase name="testIdNotNull(SnowFlake)[27]" classname="com.alquama00s.snowflakeId.SnowFlakeTest" time="0.001"/>
  <testcase name="testIdNotNull(SnowFlake)[28]" classname="com.alquama00s.snowflakeId.SnowFlakeTest" time="0.001"/>
  <testcase name="testIdNotNull(SnowFlake)[29]" classname="com.alquama00s.snowflakeId.SnowFlakeTest" time="0.001"/>
  <testcase name="testIdNotNull(SnowFlake)[30]" classname="com.alquama00s.snowflakeId.SnowFlakeTest" time="0.001"/>
  <testcase name="testIdNotNull(SnowFlake)[31]" classname="com.alquama00s.snowflakeId.SnowFlakeTest" time="0.001"/>
  <testcase name="testIdNotNull(SnowFlake)[32]" classname="com.alquama00s.snowflakeId.SnowFlakeTest" time="0.001"/>
  <testcase name="testIdNotNull(SnowFlake)[33]" classname="com.alquama00s.snowflakeId.SnowFlakeTest" time="0.001"/>
  <testcase name="testIdNotNull(SnowFlake)[34]" classname="com.alquama00s.snowflakeId.SnowFlakeTest" time="0.001"/>
  <testcase name="testIdNotNull(SnowFlake)[35]" classname="com.alquama00s.snowflakeId.SnowFlakeTest" time="0.001"/>
  <testcase name="testIdNotNull(SnowFlake)[36]" classname="com.alquama00s.snowflakeId.SnowFlakeTest" time="0.001"/>
  <testcase name="testNonDuplicate" classname="com.alquama00s.snowflakeId.SnowFlakeTest" time="0.002"/>
  <testcase name="testIdNotNull" classname="com.alquama00s.snowflakeId.SnowFlakeTest" time="0.001"/>
</testsuite>